[0.081s] Invoking command in '/home/vallari/Development/task3_ws/build/my_bot': CMAKE_PREFIX_PATH=${CMAKE_PREFIX_PATH}:/opt/ros/humble /home/vallari/.local/bin/cmake --build /home/vallari/Development/task3_ws/build/my_bot -- -j16 -l16
[0.121s] Invoked command in '/home/vallari/Development/task3_ws/build/my_bot' returned '0': CMAKE_PREFIX_PATH=${CMAKE_PREFIX_PATH}:/opt/ros/humble /home/vallari/.local/bin/cmake --build /home/vallari/Development/task3_ws/build/my_bot -- -j16 -l16
[0.189s] Invoking command in '/home/vallari/Development/task3_ws/build/my_bot': CMAKE_PREFIX_PATH=${CMAKE_PREFIX_PATH}:/opt/ros/humble /home/vallari/.local/bin/cmake --install /home/vallari/Development/task3_ws/build/my_bot
[0.208s] -- Install configuration: ""
[0.208s] -- Execute custom install script
[0.209s] -- Up-to-date symlink: /home/vallari/Development/task3_ws/install/my_bot/share/my_bot/config/empty.yaml
[0.209s] -- Up-to-date symlink: /home/vallari/Development/task3_ws/install/my_bot/share/my_bot/description/robot.urdf.xacro
[0.209s] -- Up-to-date symlink: /home/vallari/Development/task3_ws/install/my_bot/share/my_bot/description/robot_core.xacro
[0.209s] -- Up-to-date symlink: /home/vallari/Development/task3_ws/install/my_bot/share/my_bot/launch/rsp.launch.py
[0.209s] -- Up-to-date symlink: /home/vallari/Development/task3_ws/install/my_bot/share/my_bot/worlds/empty.world
[0.209s] -- Up-to-date symlink: /home/vallari/Development/task3_ws/install/my_bot/share/ament_index/resource_index/package_run_dependencies/my_bot
[0.210s] -- Up-to-date symlink: /home/vallari/Development/task3_ws/install/my_bot/share/ament_index/resource_index/parent_prefix_path/my_bot
[0.210s] -- Up-to-date symlink: /home/vallari/Development/task3_ws/install/my_bot/share/my_bot/environment/ament_prefix_path.sh
[0.210s] -- Up-to-date symlink: /home/vallari/Development/task3_ws/install/my_bot/share/my_bot/environment/ament_prefix_path.dsv
[0.210s] -- Up-to-date symlink: /home/vallari/Development/task3_ws/install/my_bot/share/my_bot/environment/path.sh
[0.210s] -- Up-to-date symlink: /home/vallari/Development/task3_ws/install/my_bot/share/my_bot/environment/path.dsv
[0.210s] -- Up-to-date symlink: /home/vallari/Development/task3_ws/install/my_bot/share/my_bot/local_setup.bash
[0.210s] -- Up-to-date symlink: /home/vallari/Development/task3_ws/install/my_bot/share/my_bot/local_setup.sh
[0.210s] -- Up-to-date symlink: /home/vallari/Development/task3_ws/install/my_bot/share/my_bot/local_setup.zsh
[0.210s] -- Up-to-date symlink: /home/vallari/Development/task3_ws/install/my_bot/share/my_bot/local_setup.dsv
[0.211s] -- Symlinking: /home/vallari/Development/task3_ws/install/my_bot/share/my_bot/package.dsv
[0.214s] -- Up-to-date symlink: /home/vallari/Development/task3_ws/install/my_bot/share/ament_index/resource_index/packages/my_bot
[0.214s] -- Up-to-date symlink: /home/vallari/Development/task3_ws/install/my_bot/share/my_bot/cmake/my_botConfig.cmake
[0.215s] -- Up-to-date symlink: /home/vallari/Development/task3_ws/install/my_bot/share/my_bot/cmake/my_botConfig-version.cmake
[0.215s] -- Up-to-date symlink: /home/vallari/Development/task3_ws/install/my_bot/share/my_bot/package.xml
[0.219s] Invoked command in '/home/vallari/Development/task3_ws/build/my_bot' returned '0': CMAKE_PREFIX_PATH=${CMAKE_PREFIX_PATH}:/opt/ros/humble /home/vallari/.local/bin/cmake --install /home/vallari/Development/task3_ws/build/my_bot
