[0.064s] Invoking command in '/home/vallari/Development/task3_ws/build/my_bot': CMAKE_PREFIX_PATH=/opt/ros/humble /home/vallari/.local/bin/cmake --build /home/vallari/Development/task3_ws/build/my_bot -- -j16 -l16
[0.168s] Invoked command in '/home/vallari/Development/task3_ws/build/my_bot' returned '0': CMAKE_PREFIX_PATH=/opt/ros/humble /home/vallari/.local/bin/cmake --build /home/vallari/Development/task3_ws/build/my_bot -- -j16 -l16
[0.238s] Invoking command in '/home/vallari/Development/task3_ws/build/my_bot': CMAKE_PREFIX_PATH=/opt/ros/humble /home/vallari/.local/bin/cmake --install /home/vallari/Development/task3_ws/build/my_bot
[0.257s] -- Install configuration: ""
[0.258s] -- Execute custom install script
[0.260s] -- Up-to-date symlink: /home/vallari/Development/task3_ws/install/my_bot/share/my_bot/config/empty.yaml
[0.260s] -- Up-to-date symlink: /home/vallari/Development/task3_ws/install/my_bot/share/my_bot/description/robot.urdf.xacro
[0.260s] -- Up-to-date symlink: /home/vallari/Development/task3_ws/install/my_bot/share/my_bot/description/robot_core.xacro
[0.261s] -- Up-to-date symlink: /home/vallari/Development/task3_ws/install/my_bot/share/my_bot/launch/rsp.launch.py
[0.261s] -- Up-to-date symlink: /home/vallari/Development/task3_ws/install/my_bot/share/my_bot/worlds/empty.world
[0.262s] -- Up-to-date symlink: /home/vallari/Development/task3_ws/install/my_bot/share/ament_index/resource_index/package_run_dependencies/my_bot
[0.262s] -- Up-to-date symlink: /home/vallari/Development/task3_ws/install/my_bot/share/ament_index/resource_index/parent_prefix_path/my_bot
[0.262s] -- Up-to-date symlink: /home/vallari/Development/task3_ws/install/my_bot/share/my_bot/environment/ament_prefix_path.sh
[0.262s] -- Up-to-date symlink: /home/vallari/Development/task3_ws/install/my_bot/share/my_bot/environment/ament_prefix_path.dsv
[0.263s] -- Up-to-date symlink: /home/vallari/Development/task3_ws/install/my_bot/share/my_bot/environment/path.sh
[0.263s] -- Up-to-date symlink: /home/vallari/Development/task3_ws/install/my_bot/share/my_bot/environment/path.dsv
[0.263s] -- Up-to-date symlink: /home/vallari/Development/task3_ws/install/my_bot/share/my_bot/local_setup.bash
[0.263s] -- Up-to-date symlink: /home/vallari/Development/task3_ws/install/my_bot/share/my_bot/local_setup.sh
[0.263s] -- Up-to-date symlink: /home/vallari/Development/task3_ws/install/my_bot/share/my_bot/local_setup.zsh
[0.264s] -- Up-to-date symlink: /home/vallari/Development/task3_ws/install/my_bot/share/my_bot/local_setup.dsv
[0.264s] -- Symlinking: /home/vallari/Development/task3_ws/install/my_bot/share/my_bot/package.dsv
[0.268s] -- Up-to-date symlink: /home/vallari/Development/task3_ws/install/my_bot/share/ament_index/resource_index/packages/my_bot
[0.268s] -- Up-to-date symlink: /home/vallari/Development/task3_ws/install/my_bot/share/my_bot/cmake/my_botConfig.cmake
[0.268s] -- Up-to-date symlink: /home/vallari/Development/task3_ws/install/my_bot/share/my_bot/cmake/my_botConfig-version.cmake
[0.268s] -- Up-to-date symlink: /home/vallari/Development/task3_ws/install/my_bot/share/my_bot/package.xml
[0.274s] Invoked command in '/home/vallari/Development/task3_ws/build/my_bot' returned '0': CMAKE_PREFIX_PATH=/opt/ros/humble /home/vallari/.local/bin/cmake --install /home/vallari/Development/task3_ws/build/my_bot
